<?xml version="1.0" encoding="UTF-8"?>
<!-- Generated by org.testng.reporters.JUnitReportReporter -->
<testsuite hostname="DESKTOP-EOMGS7B" failures="0" tests="5" name="com.automacao.petstore.PetStoreAPITests" time="5.879" errors="0" timestamp="2025-03-12T15:37:47 GMT-03:00" skipped="0">
  <testcase classname="com.automacao.petstore.PetStoreAPITests" name="testGetStoreOrderByid" time="0.817"/>
  <system-out/>
  <testcase classname="com.automacao.petstore.PetStoreAPITests" name="testGetStoreOrderByidInvalid" time="0.787"/>
  <system-out/>
  <testcase classname="com.automacao.petstore.PetStoreAPITests" name="testGetStoreOrderByidNotFound" time="0.827"/>
  <system-out/>
  <testcase classname="com.automacao.petstore.PetStoreAPITests" name="testGetStoreInventory" time="0.803"/>
  <system-out/>
  <testcase classname="com.automacao.petstore.PetStoreAPITests" name="testGetStoreCreateOrder" time="2.645"/>
  <system-out/>
</testsuite> <!-- com.automacao.petstore.PetStoreAPITests -->
