<?xml version="1.0" encoding="UTF-8"?>
<!-- Generated by org.testng.reporters.JUnitReportReporter -->
<testsuite hostname="DESKTOP-EOMGS7B" failures="0" tests="1" name="com.automacao.petstore.AppTest" time="0.000" errors="0" timestamp="2025-03-12T15:37:47 GMT-03:00" skipped="0">
  <testcase classname="com.automacao.petstore.AppTest" name="testApp" time="0.000"/>
  <system-out/>
</testsuite> <!-- com.automacao.petstore.AppTest -->
