<?xml version="1.0" encoding="UTF-8"?>
<!-- Generated by org.testng.reporters.JUnitReportReporter -->
<testsuite hostname="DESKTOP-EOMGS7B" failures="0" tests="4" name="com.automacao.petstore.PetStoreAPITests" time="4.808" errors="0" timestamp="2025-03-13T00:08:48 GMT-03:00" skipped="0">
  <testcase classname="com.automacao.petstore.PetStoreAPITests" name="testGetStoreCreateOrder" time="2.370"/>
  <system-out/>
  <testcase classname="com.automacao.petstore.PetStoreAPITests" name="testGetStoreOrderByid" time="0.837"/>
  <system-out/>
  <testcase classname="com.automacao.petstore.PetStoreAPITests" name="testGetStoreInventory" time="0.805"/>
  <system-out/>
  <testcase classname="com.automacao.petstore.PetStoreAPITests" name="testDeleteStoreOrder" time="0.796"/>
  <system-out/>
</testsuite> <!-- com.automacao.petstore.PetStoreAPITests -->
